Determining if the pthread_create exist failed with the following output:
Change Dir: /home/goddice/Dropbox/goddice/courses/utah/proj2/build/CMakeFiles/CMakeTmp

Run Build Command(s):/home/goddice/anaconda3/bin/ninja cmTC_82354 
[1/2] Building C object CMakeFiles/cmTC_82354.dir/CheckSymbolExists.c.o
[2/2] Linking C executable cmTC_82354
FAILED: cmTC_82354 
: && /usr/local/bin/clang-9    CMakeFiles/cmTC_82354.dir/CheckSymbolExists.c.o  -o cmTC_82354   && :
CMakeFiles/cmTC_82354.dir/CheckSymbolExists.c.o: In function `main':
CheckSymbolExists.c:(.text+0x19): undefined reference to `pthread_create'
clang-9: error: linker command failed with exit code 1 (use -v to see invocation)
ninja: build stopped: subcommand failed.

File /home/goddice/Dropbox/goddice/courses/utah/proj2/build/CMakeFiles/CMakeTmp/CheckSymbolExists.c:
/* */
#include <pthread.h>

int main(int argc, char** argv)
{
  (void)argv;
#ifndef pthread_create
  return ((int*)(&pthread_create))[argc];
#else
  (void)argc;
  return 0;
#endif
}

Determining if the function pthread_create exists in the pthreads failed with the following output:
Change Dir: /home/goddice/Dropbox/goddice/courses/utah/proj2/build/CMakeFiles/CMakeTmp

Run Build Command(s):/home/goddice/anaconda3/bin/ninja cmTC_89d0e 
[1/2] Building C object CMakeFiles/cmTC_89d0e.dir/CheckFunctionExists.c.o
/usr/local/share/cmake-3.14/Modules/CheckFunctionExists.c:7:3: warning: declaration of built-in function 'pthread_create' requires inclusion of the header <pthread.h> [-Wbuiltin-requires-header]
  CHECK_FUNCTION_EXISTS(void);
  ^
<command line>:1:31: note: expanded from here
#define CHECK_FUNCTION_EXISTS pthread_create
                              ^
1 warning generated.
[2/2] Linking C executable cmTC_89d0e
FAILED: cmTC_89d0e 
: && /usr/local/bin/clang-9 -DCHECK_FUNCTION_EXISTS=pthread_create   CMakeFiles/cmTC_89d0e.dir/CheckFunctionExists.c.o  -o cmTC_89d0e  -lpthreads && :
/usr/bin/ld: cannot find -lpthreads
clang-9: error: linker command failed with exit code 1 (use -v to see invocation)
ninja: build stopped: subcommand failed.


